
ASEM-51 V1.3                                         Copyright (c) 2002 by W.W. Heinz                                         PAGE 1





       MCS-51 Family Macro Assembler   A S E M - 5 1   V 1.3
       =====================================================



	Source File:	E:\IUT Books\6th Semester EEE\LAB\EEE 4606_Microcontroller Based System Design\Lab 7_Bluetooth Interfacing\LED_Glow_Hardware.ASM
	Object File:	E:\IUT Books\6th Semester EEE\LAB\EEE 4606_Microcontroller Based System Design\Lab 7_Bluetooth Interfacing\LED_Glow_Hardware.hex
	List File:	E:\IUT Books\6th Semester EEE\LAB\EEE 4606_Microcontroller Based System Design\Lab 7_Bluetooth Interfacing\LED_Glow_Hardware.lst



 Line  I  Addr  Code            Source

    1:		N      0000	ORG 00H
    2:
    3:
    4:	  0000			bluetooth:
    5:	  0000	75 89 20	MOV TMOD,#20H 	;TIMER 1 MODE 2   8 BIT MODE
    6:	  0003	75 8D FD	MOV TH1,#-3 	;9600 BAUD RATE
    7:	  0006	75 98 50	MOV SCON,#50H	;SERIAL MODE 1; 10 BIT TOTAL [1 START BIT + 8 DATA BIT + 1 STOP BIT]]
    8:	  0009	C2 99		CLR TI		; MAKE TI REGISTER ZERO
    9:	  000B	C2 98		CLR RI		; MAKE RI REGISTER ZERO
   10:	  000D	D2 8E		SETB TR1	; START TIMER-1
   11:
   12:	  000F	75 90 00	MOV P1,#000H
   13:
   14:	  0012			AGAIN:
   15:	  0012	30 98 FD	REPEAT: JNB RI,REPEAT
   16:	  0015	E5 99			MOV A,SBUF	; MOVE CONTENT OF SBUF TO ACCUMULATOR
   17:
   18:	  0017	B4 01 09		CJNE A,#1,CHECKNEXT1
   19:	  001A	B2 90			CPL P1.0
   20:	  001C	C2 98			CLR RI
   21:	  001E	C2 99			CLR TI
   22:	  0020	02 00 12		LJMP AGAIN
   23:
   24:	  0023			CHECKNEXT1:
   25:	  0023	B4 02 09		CJNE A,#2,CHECKNEXT2
   26:	  0026	B2 91			CPL P1.1
   27:	  0028	C2 98			CLR RI
   28:	  002A	C2 99			CLR TI
   29:	  002C	02 00 12		LJMP AGAIN
   30:
   31:	  002F			CHECKNEXT2:
   32:	  002F	B4 03 09		CJNE A,#3,CHECKNEXT3
   33:	  0032	B2 92			CPL P1.2
   34:	  0034	C2 98			CLR RI
   35:	  0036	C2 99			CLR TI
   36:	  0038	02 00 12		LJMP AGAIN
   37:
   38:	  003B			CHECKNEXT3:
   39:	  003B	B4 04 09		CJNE A,#4,CHECKNEXT4
   40:	  003E	B2 93			CPL P1.3
   41:	  0040	C2 98			CLR RI
   42:	  0042	C2 99			CLR TI
   43:	  0044	02 00 12		LJMP AGAIN

ASEM-51 V1.3                                         Copyright (c) 2002 by W.W. Heinz                                         PAGE 2



 Line  I  Addr  Code            Source

   44:
   45:	  0047			CHECKNEXT4:
   46:	  0047	B4 05 09		CJNE A,#5,CHECKNEXT5
   47:	  004A	B2 94			CPL P1.4
   48:	  004C	C2 98			CLR RI
   49:	  004E	C2 99			CLR TI
   50:	  0050	02 00 12		LJMP AGAIN
   51:
   52:	  0053			CHECKNEXT5:
   53:	  0053	B4 06 09		CJNE A,#6,CHECKNEXT6
   54:	  0056	B2 95			CPL P1.5
   55:	  0058	C2 98			CLR RI
   56:	  005A	C2 99			CLR TI
   57:	  005C	02 00 12		LJMP AGAIN
   58:
   59:	  005F			CHECKNEXT6:
   60:	  005F	B4 07 09		CJNE A,#7,CHECKNEXT7
   61:	  0062	B2 96			CPL P1.6
   62:	  0064	C2 98			CLR RI
   63:	  0066	C2 99			CLR TI
   64:	  0068	02 00 12		LJMP AGAIN
   65:
   66:	  006B			CHECKNEXT7:
   67:	  006B	B4 08 09		CJNE A,#8,CHECKNEXT8
   68:	  006E	B2 97			CPL P1.7
   69:	  0070	C2 98			CLR RI
   70:	  0072	C2 99			CLR TI
   71:	  0074	02 00 12		LJMP AGAIN
   72:
   73:	  0077			CHECKNEXT8:
   74:	  0077	B4 09 1A		CJNE A,#9,CHECKNEXT9
   75:	  007A	75 80 00		MOV P0,#0000H	;connected to DOT_MATRIX DISPLAY
   76:	  007D	75 A0 00		MOV P2,#0000H	;connected to DOT_MATRIX DISPLAY
   77:	  0080	7D 00			MOV R5,#00000000B
   78:	  0082	7E FF			MOV R6,#11111111B
   79:	  0084	75 50 14		MOV 50H,#20D		;COUNTER FOR BLINKING 20 TIMES
   80:	  0087	12 00 A4		DOT_MATRIX:  LCALL DOT_MATRIX_BLINK
   81:	  008A	D5 50 FA		DJNZ 50H,DOT_MATRIX
   82:	  008D	C2 98			CLR RI
   83:	  008F	C2 99			CLR TI
   84:	  0091	02 00 12		LJMP AGAIN
   85:
   86:	  0094			CHECKNEXT9:
   87:	  0094	B4 00 0A		CJNE A,#0,GO_BACK
   88:					;RESET ALL
   89:	  0097	75 90 00		MOV P1,#00H
   90:	  009A	C2 98			CLR RI
   91:	  009C	C2 99			CLR TI
   92:	  009E	02 00 00		LJMP bluetooth
   93:
   94:	  00A1	02 00 12	GO_BACK: LJMP AGAIN
   95:
   96:	  00A4			DOT_MATRIX_BLINK:
   97:				;GLOW
   98:	  00A4	C2 80		CLR P0.0
   99:	  00A6	8E A0		MOV P2,R6

ASEM-51 V1.3                                         Copyright (c) 2002 by W.W. Heinz                                         PAGE 3



 Line  I  Addr  Code            Source

  100:	  00A8	31 0E		ACALL DELAY1
  101:
  102:				;DIM
  103:	  00AA	D2 80		SETB P0.0
  104:	  00AC	8D A0		MOV P2,R5
  105:	  00AE	31 0E		ACALL DELAY1
  106:
  107:				;GLOW
  108:	  00B0	C2 81		CLR P0.1
  109:	  00B2	8E A0		MOV P2,R6
  110:	  00B4	31 0E		ACALL DELAY1
  111:
  112:				;DIM
  113:	  00B6	D2 81		SETB P0.1
  114:	  00B8	8D A0		MOV P2,R5
  115:	  00BA	31 0E		ACALL DELAY1
  116:
  117:				;GLOW
  118:	  00BC	C2 82		CLR P0.2
  119:	  00BE	8E A0		MOV P2,R6
  120:	  00C0	31 0E		ACALL DELAY1
  121:
  122:				;DIM
  123:	  00C2	D2 82		SETB P0.2
  124:	  00C4	8D A0		MOV P2,R5
  125:	  00C6	31 0E		ACALL DELAY1
  126:
  127:
  128:				;GLOW
  129:	  00C8	C2 83		CLR P0.3
  130:	  00CA	8E A0		MOV P2,R6
  131:	  00CC	31 0E		ACALL DELAY1
  132:
  133:				;DIM
  134:	  00CE	D2 83		SETB P0.3
  135:	  00D0	8D A0		MOV P2,R5
  136:	  00D2	31 0E		ACALL DELAY1
  137:
  138:
  139:				;GLOW
  140:	  00D4	C2 84		CLR P0.4
  141:	  00D6	8E A0		MOV P2,R6
  142:	  00D8	31 0E		ACALL DELAY1
  143:
  144:				;DIM
  145:	  00DA	D2 84		SETB P0.4
  146:	  00DC	8D A0		MOV P2,R5
  147:	  00DE	31 0E		ACALL DELAY1
  148:
  149:
  150:				;GLOW
  151:	  00E0	C2 85		CLR P0.5
  152:	  00E2	8E A0		MOV P2,R6
  153:	  00E4	31 0E		ACALL DELAY1
  154:
  155:				;DIM

ASEM-51 V1.3                                         Copyright (c) 2002 by W.W. Heinz                                         PAGE 4



 Line  I  Addr  Code            Source

  156:	  00E6	D2 85		SETB P0.5
  157:	  00E8	8D A0		MOV P2,R5
  158:	  00EA	31 0E		ACALL DELAY1
  159:
  160:				;GLOW
  161:	  00EC	C2 86		CLR P0.6
  162:	  00EE	8E A0		MOV P2,R6
  163:	  00F0	31 0E		ACALL DELAY1
  164:
  165:				;DIM
  166:	  00F2	D2 86		SETB P0.6
  167:	  00F4	8D A0		MOV P2,R5
  168:	  00F6	31 0E		ACALL DELAY1
  169:
  170:
  171:				;GLOW
  172:	  00F8	C2 87		CLR P0.7
  173:	  00FA	8E A0		MOV P2,R6
  174:	  00FC	31 0E		ACALL DELAY1
  175:
  176:				;DIM
  177:	  00FE	D2 87		SETB P0.7
  178:	  0100	8D A0		MOV P2,R5
  179:	  0102	31 0E		ACALL DELAY1
  180:
  181:	  0104	22		RET
  182:
  183:
  184:
  185:	  0105	7B 32		DELAY:   MOV  R3,#50
  186:	  0107	7C FF		AGAIN_2: MOV  R4,#255
  187:	  0109	DC FE		AGAIN_3:   DJNZ R4,AGAIN_3
  188:	  010B	DB FA		         DJNZ R3,AGAIN_2
  189:	  010D	22		         RET
  190:
  191:	  010E			DELAY1:
  192:	  010E	78 03				MOV R0,#3
  193:	  0110	79 64			L1:	MOV R1,#100
  194:	  0112	7A 64			L2:	MOV R2,#100
  195:	  0114	DA FE			L3:	DJNZ R2,L3
  196:	  0116	D9 FA				DJNZ R1,L2
  197:	  0118	D8 F6				DJNZ R0,L1
  198:	  011A	22				RET
  199:
  200:					END





                     register banks used:  ---

                     no errors




ASEM-51 V1.3                                         Copyright (c) 2002 by W.W. Heinz                                         PAGE 5





	       L I S T   O F   S Y M B O L S
	       =============================


SYMBOL				  TYPE     VALUE	LINE
------------------------------------------------------------
??ASEM_51			  NUMBER    8051
??VERSION			  NUMBER    0130
AC				  BIT	      D6
ACC				  DATA	      E0
AGAIN				  CODE	    0012	  14
AGAIN_2				  CODE	    0107	 186
AGAIN_3				  CODE	    0109	 187
B				  DATA	      F0
BLUETOOTH			  CODE	    0000	   4
CHECKNEXT1			  CODE	    0023	  24
CHECKNEXT2			  CODE	    002F	  31
CHECKNEXT3			  CODE	    003B	  38
CHECKNEXT4			  CODE	    0047	  45
CHECKNEXT5			  CODE	    0053	  52
CHECKNEXT6			  CODE	    005F	  59
CHECKNEXT7			  CODE	    006B	  66
CHECKNEXT8			  CODE	    0077	  73
CHECKNEXT9			  CODE	    0094	  86
CY				  BIT	      D7
DELAY				  CODE	    0105	 185
DELAY1				  CODE	    010E	 191
DOT_MATRIX			  CODE	    0087	  80
DOT_MATRIX_BLINK		  CODE	    00A4	  96
DPH				  DATA	      83
DPL				  DATA	      82
EA				  BIT	      AF
ES				  BIT	      AC
ET0				  BIT	      A9
ET1				  BIT	      AB
EX0				  BIT	      A8
EX1				  BIT	      AA
EXTI0				  CODE	    0003
EXTI1				  CODE	    0013
F0				  BIT	      D5
GO_BACK				  CODE	    00A1	  94
IE				  DATA	      A8
IE0				  BIT	      89
IE1				  BIT	      8B
INT0				  BIT	      B2
INT1				  BIT	      B3
IP				  DATA	      B8
IT0				  BIT	      88
IT1				  BIT	      8A
L1				  CODE	    0110	 193
L2				  CODE	    0112	 194
L3				  CODE	    0114	 195
OV				  BIT	      D2
P				  BIT	      D0
P0				  DATA	      80
P1				  DATA	      90

ASEM-51 V1.3                                         Copyright (c) 2002 by W.W. Heinz                                         PAGE 6



SYMBOL				  TYPE     VALUE	LINE
------------------------------------------------------------
P2				  DATA	      A0
P3				  DATA	      B0
PCON				  DATA	      87
PS				  BIT	      BC
PSW				  DATA	      D0
PT0				  BIT	      B9
PT1				  BIT	      BB
PX0				  BIT	      B8
PX1				  BIT	      BA
RB8				  BIT	      9A
RD				  BIT	      B7
REN				  BIT	      9C
REPEAT				  CODE	    0012	  15
RESET				  CODE	    0000
RI				  BIT	      98
RS0				  BIT	      D3
RS1				  BIT	      D4
RXD				  BIT	      B0
SBUF				  DATA	      99
SCON				  DATA	      98
SINT				  CODE	    0023
SM0				  BIT	      9F
SM1				  BIT	      9E
SM2				  BIT	      9D
SP				  DATA	      81
T0				  BIT	      B4
T1				  BIT	      B5
TB8				  BIT	      9B
TCON				  DATA	      88
TF0				  BIT	      8D
TF1				  BIT	      8F
TH0				  DATA	      8C
TH1				  DATA	      8D
TI				  BIT	      99
TIMER0				  CODE	    000B
TIMER1				  CODE	    001B
TL0				  DATA	      8A
TL1				  DATA	      8B
TMOD				  DATA	      89
TR0				  BIT	      8C
TR1				  BIT	      8E
TXD				  BIT	      B1
WR				  BIT	      B6
